mode: set
github.com/kitpk/go-unittest106/core/order_service.go:14.58,16.2 1 1
github.com/kitpk/go-unittest106/core/order_service.go:19.59,20.22 1 1
github.com/kitpk/go-unittest106/core/order_service.go:20.22,22.3 1 1
github.com/kitpk/go-unittest106/core/order_service.go:24.2,24.43 1 1
github.com/kitpk/go-unittest106/core/order_service.go:24.43,26.3 1 1
github.com/kitpk/go-unittest106/core/order_service.go:28.2,28.12 1 1
github.com/kitpk/go-unittest106/adapters/gorm_adapter.go:14.63,16.2 1 1
github.com/kitpk/go-unittest106/adapters/gorm_adapter.go:18.60,19.56 1 1
github.com/kitpk/go-unittest106/adapters/gorm_adapter.go:19.56,21.3 1 1
github.com/kitpk/go-unittest106/adapters/gorm_adapter.go:23.2,23.12 1 1
github.com/kitpk/go-unittest106/adapters/http_adapter.go:14.71,16.2 1 1
github.com/kitpk/go-unittest106/adapters/http_adapter.go:18.60,20.45 2 1
github.com/kitpk/go-unittest106/adapters/http_adapter.go:20.45,24.3 1 1
github.com/kitpk/go-unittest106/adapters/http_adapter.go:26.2,26.53 1 1
github.com/kitpk/go-unittest106/adapters/http_adapter.go:26.53,30.3 1 1
github.com/kitpk/go-unittest106/adapters/http_adapter.go:32.2,32.50 1 1
